<?xml version="1.0" encoding="UTF-8"?>
<testsuite name="HVL.Scheduler.SimulationTest" tests="2" skipped="0" failures="0" errors="0" timestamp="2024-10-02T10:22:56" hostname="158-37-228-42.hvl.no" time="0.016">
  <properties/>
  <testcase name="testNSJF()" classname="HVL.Scheduler.SimulationTest" time="0.011"/>
  <testcase name="testRR()" classname="HVL.Scheduler.SimulationTest" time="0.004"/>
  <system-out><![CDATA[]]></system-out>
  <system-err><![CDATA[]]></system-err>
</testsuite>
